
/home/runner/work/exp-wallace-tree-adder-iitkgp/exp-wallace-tree-adder-iitkgp/experiment/license/view.js
  1:246  warning  Unnecessary semicolon  no-extra-semi

/home/runner/work/exp-wallace-tree-adder-iitkgp/exp-wallace-tree-adder-iitkgp/experiment/simulation/js/FileSaver.js
   15:42  warning  'global' is not defined  no-undef
   15:60  warning  'global' is not defined  no-undef
   16:5   warning  'global' is not defined  no-undef
   53:15  warning  Empty block statement    no-empty
  171:3   warning  'module' is not defined  no-undef

/home/runner/work/exp-wallace-tree-adder-iitkgp/exp-wallace-tree-adder-iitkgp/experiment/simulation/js/adimthts.js
   9:1   warning  '$' is not defined     no-undef
  10:3   warning  '$' is not defined     no-undef
  12:1   warning  Mixed spaces and tabs  no-mixed-spaces-and-tabs
  12:4   warning  '$' is not defined     no-undef
  15:5   warning  '$' is not defined     no-undef
  15:21  warning  'fn' is not defined    no-undef
  18:3   warning  '$' is not defined     no-undef
  20:1   warning  Mixed spaces and tabs  no-mixed-spaces-and-tabs
  20:4   warning  '$' is not defined     no-undef
  23:5   warning  '$' is not defined     no-undef
  23:20  warning  'fn' is not defined    no-undef

/home/runner/work/exp-wallace-tree-adder-iitkgp/exp-wallace-tree-adder-iitkgp/experiment/simulation/js/canvas.js
    16:1    warning  'init_x' is not defined                no-undef
    17:1    warning  'init_y' is not defined                no-undef
    19:1    warning  'bit_r' is not defined                 no-undef
    21:1    warning  'dot_width' is not defined             no-undef
    22:1    warning  'dot_height' is not defined            no-undef
    23:1    warning  'dot_gap' is not defined               no-undef
    24:1    warning  'dot_color' is not defined             no-undef
    26:1    warning  'pin_width' is not defined             no-undef
    27:1    warning  'pin_height' is not defined            no-undef
    28:1    warning  'pin_color' is not defined             no-undef
    30:1    warning  'conn_width' is not defined            no-undef
    31:1    warning  'conn_color' is not defined            no-undef
    32:1    warning  'chip_padding' is not defined          no-undef
    33:1    warning  'chip_color' is not defined            no-undef
    35:1    warning  'labelColor' is not defined            no-undef
    37:1    warning  'start_x' is not defined               no-undef
    38:1    warning  'start_y' is not defined               no-undef
    39:1    warning  'is_dragging' is not defined           no-undef
    40:1    warning  'is_connecting' is not defined         no-undef
    41:1    warning  'dragging_chip' is not defined         no-undef
    42:1    warning  'dragging_bit' is not defined          no-undef
    44:1    warning  'drag_chip_index' is not defined       no-undef
    45:1    warning  'sel_bit_index' is not defined         no-undef
    47:1    warning  'nr_dot' is not defined                no-undef
    48:1    warning  'start_dot' is not defined             no-undef
    49:1    warning  'end_dot' is not defined               no-undef
    51:1    warning  'star_spikes' is not defined           no-undef
    52:1    warning  'star_outerRadius' is not defined      no-undef
    53:1    warning  'star_innerRadius' is not defined      no-undef
    55:1    warning  'l_jumper' is not defined              no-undef
    56:1    warning  'r_jumper' is not defined              no-undef
    62:26   warning  'star_spikes' is not defined           no-undef
    65:25   warning  'star_outerRadius' is not defined      no-undef
    66:25   warning  'star_spikes' is not defined           no-undef
    67:34   warning  'star_outerRadius' is not defined      no-undef
    68:34   warning  'star_outerRadius' is not defined      no-undef
    72:34   warning  'star_innerRadius' is not defined      no-undef
    73:34   warning  'star_innerRadius' is not defined      no-undef
    77:25   warning  'star_outerRadius' is not defined      no-undef
    87:32   warning  'dot_gap' is not defined               no-undef
    87:43   warning  'dot_gap' is not defined               no-undef
    89:21   warning  'dot_gap' is not defined               no-undef
    91:16   warning  'dot_gap' is not defined               no-undef
    94:27   warning  'dot_gap' is not defined               no-undef
    97:32   warning  'dot_gap' is not defined               no-undef
    97:43   warning  'dot_gap' is not defined               no-undef
    98:21   warning  'dot_gap' is not defined               no-undef
   101:27   warning  'dot_gap' is not defined               no-undef
   120:22   warning  'dot_gap' is not defined               no-undef
   120:49   warning  'dot_gap' is not defined               no-undef
   120:63   warning  'dot_gap' is not defined               no-undef
   121:26   warning  'dot_gap' is not defined               no-undef
   121:53   warning  'dot_gap' is not defined               no-undef
   121:67   warning  'dot_gap' is not defined               no-undef
   122:40   warning  'dot_width' is not defined             no-undef
   122:61   warning  'dot_height' is not defined            no-undef
   122:78   warning  'dot_width' is not defined             no-undef
   122:89   warning  'dot_height' is not defined            no-undef
   122:101  warning  'dot_color' is not defined             no-undef
   144:31   warning  'bit_r' is not defined                 no-undef
   144:39   warning  'bit_r' is not defined                 no-undef
   153:33   warning  'bit_r' is not defined                 no-undef
   164:40   warning  'bit_r' is not defined                 no-undef
   164:60   warning  'bit_r' is not defined                 no-undef
   200:33   warning  'bit_r' is not defined                 no-undef
   229:18   warning  'pin_width' is not defined             no-undef
   230:18   warning  'pin_height' is not defined            no-undef
   231:22   warning  'pin_color' is not defined             no-undef
   249:29   warning  'dot_width' is not defined             no-undef
   250:30   warning  'dot_height' is not defined            no-undef
   250:48   warning  'chip_padding' is not defined          no-undef
   251:23   warning  'dot_gap' is not defined               no-undef
   251:34   warning  'dot_width' is not defined             no-undef
   254:22   warning  'pin_height' is not defined            no-undef
   254:40   warning  'chip_padding' is not defined          no-undef
   256:23   warning  'dot_gap' is not defined               no-undef
   256:55   warning  'chip_padding' is not defined          no-undef
   256:71   warning  'pin_height' is not defined            no-undef
   261:22   warning  'chip_color' is not defined            no-undef
   264:30   warning  'pin_width' is not defined             no-undef
   265:30   warning  'chip_padding' is not defined          no-undef
   269:22   warning  'dot_gap' is not defined               no-undef
   273:26   warning  'chip_padding' is not defined          no-undef
   274:18   warning  'i' is already defined                 no-redeclare
   275:17   warning  'pin' is already defined               no-redeclare
   277:22   warning  'dot_gap' is not defined               no-undef
   290:25   warning  'labelColor' is not defined            no-undef
   428:25   warning  'conn_width' is not defined            no-undef
   429:27   warning  'conn_color' is not defined            no-undef
   444:14   warning  'dot_gap' is not defined               no-undef
   455:40   warning  'dot_gap' is not defined               no-undef
   457:39   warning  'dot_gap' is not defined               no-undef
   459:37   warning  'dot_gap' is not defined               no-undef
   461:55   warning  'dot_gap' is not defined               no-undef
   463:54   warning  'dot_gap' is not defined               no-undef
   465:53   warning  'dot_gap' is not defined               no-undef
   467:37   warning  'dot_gap' is not defined               no-undef
   469:55   warning  'dot_gap' is not defined               no-undef
   496:25   warning  'conn_width' is not defined            no-undef
   497:27   warning  'conn_color' is not defined            no-undef
   643:41   warning  'pin_width' is not defined             no-undef
   645:42   warning  'pin_height' is not defined            no-undef
   655:29   warning  'left' is already defined              no-redeclare
   656:29   warning  'right' is already defined             no-redeclare
   656:45   warning  'pin_width' is not defined             no-undef
   657:29   warning  'top' is already defined               no-redeclare
   658:29   warning  'bottom' is already defined            no-redeclare
   658:46   warning  'pin_height' is not defined            no-undef
   698:20   warning  'dot_gap' is not defined               no-undef
   712:24   warning  'dot_gap' is not defined               no-undef
   808:17   warning  'drag_chip_index' is not defined       no-undef
   817:33   warning  'dot_width' is not defined             no-undef
   818:33   warning  'dot_height' is not defined            no-undef
   821:28   warning  'dot_gap' is not defined               no-undef
   823:29   warning  'dot_gap' is not defined               no-undef
   826:13   warning  'nr_dot' is not defined                no-undef
   827:13   warning  'nr_dot' is not defined                no-undef
   828:13   warning  'is_connecting' is not defined         no-undef
   844:39   warning  'dot_width' is not defined             no-undef
   845:37   warning  'dot_width' is not defined             no-undef
   846:39   warning  'dot_width' is not defined             no-undef
   847:39   warning  'dot_width' is not defined             no-undef
   849:39   warning  'dot_width' is not defined             no-undef
   850:39   warning  'dot_width' is not defined             no-undef
   851:39   warning  'dot_width' is not defined             no-undef
   852:37   warning  'dot_width' is not defined             no-undef
   877:17   warning  'sel_bit_index' is not defined         no-undef
   886:40   warning  'sel_bit_index' is not defined         no-undef
   887:13   warning  'sel_bit_index' is not defined         no-undef
   887:46   warning  'sel_bit_index' is not defined         no-undef
   888:23   warning  'sel_bit_index' is not defined         no-undef
   889:13   warning  'sel_bit_index' is not defined         no-undef
   894:33   warning  'drag_chip_index' is not defined       no-undef
   895:33   warning  'drag_chip_index' is not defined       no-undef
   896:20   warning  'drag_chip_index' is not defined       no-undef
   897:20   warning  'drag_chip_index' is not defined       no-undef
   898:39   warning  'drag_chip_index' is not defined       no-undef
   902:40   warning  'drag_chip_index' is not defined       no-undef
   910:32   warning  'sel_bit_index' is not defined         no-undef
   911:32   warning  'sel_bit_index' is not defined         no-undef
   912:19   warning  'sel_bit_index' is not defined         no-undef
   913:19   warning  'sel_bit_index' is not defined         no-undef
   927:18   warning  'i' is already defined                 no-redeclare
  1011:9    warning  'saveAs' is not defined                no-undef
  1015:7    warning  'Component' is defined but never used  no-unused-vars
  1016:5    warning  Expected to call 'super()'             constructor-super
  1028:1    warning  '$' is not defined                     no-undef
  1029:5    warning  '$' is not defined                     no-undef
  1059:30   warning  'init_x' is not defined                no-undef
  1059:38   warning  'init_y' is not defined                no-undef
  1064:5    warning  '$' is not defined                     no-undef
  1067:30   warning  'init_x' is not defined                no-undef
  1067:38   warning  'init_y' is not defined                no-undef
  1070:31   warning  'init_x' is not defined                no-undef
  1070:39   warning  'init_y' is not defined                no-undef
  1076:5    warning  '$' is not defined                     no-undef
  1080:5    warning  '$' is not defined                     no-undef
  1081:20   warning  '$' is not defined                     no-undef
  1082:24   warning  '$' is not defined                     no-undef
  1088:5    warning  '$' is not defined                     no-undef
  1099:16   warning  '$' is not defined                     no-undef
  1116:36   warning  'is_connecting' is not defined         no-undef
  1123:10   warning  'is_dragging' is not defined           no-undef
  1125:9    warning  'start_x' is not defined               no-undef
  1126:9    warning  'start_y' is not defined               no-undef
  1127:9    warning  'dragging_chip' is not defined         no-undef
  1128:9    warning  'is_dragging' is not defined           no-undef
  1129:17   warning  'is_dragging' is not defined           no-undef
  1131:9    warning  'start_x' is not defined               no-undef
  1132:9    warning  'start_y' is not defined               no-undef
  1133:9    warning  'dragging_bit' is not defined          no-undef
  1134:9    warning  'is_dragging' is not defined           no-undef
  1135:17   warning  'is_connecting' is not defined         no-undef
  1137:9    warning  'start_dot' is not defined             no-undef
  1137:23   warning  'nr_dot' is not defined                no-undef
  1138:9    warning  'start_dot' is not defined             no-undef
  1138:23   warning  'nr_dot' is not defined                no-undef
  1139:9    warning  'is_connecting' is not defined         no-undef
  1141:13   warning  'l_jumper' is not defined              no-undef
  1143:13   warning  'r_jumper' is not defined              no-undef
  1146:5    warning  'nr_dot' is not defined                no-undef
  1147:36   warning  'is_connecting' is not defined         no-undef
  1147:66   warning  'l_jumper' is not defined              no-undef
  1147:92   warning  'r_jumper' is not defined              no-undef
  1151:36   warning  'is_connecting' is not defined         no-undef
  1151:69   warning  'is_dragging' is not defined           no-undef
  1152:10   warning  'is_dragging' is not defined           no-undef
  1152:26   warning  'is_connecting' is not defined         no-undef
  1156:9    warning  'is_dragging' is not defined           no-undef
  1156:24   warning  'dragging_chip' is not defined         no-undef
  1157:26   warning  'drag_chip_index' is not defined       no-undef
  1158:26   warning  'drag_chip_index' is not defined       no-undef
  1161:18   warning  'drag_chip_index' is not defined       no-undef
  1161:50   warning  'dot_width' is not defined             no-undef
  1162:18   warning  'drag_chip_index' is not defined       no-undef
  1162:51   warning  'dot_height' is not defined            no-undef
  1162:69   warning  'chip_padding' is not defined          no-undef
  1163:27   warning  'drag_chip_index' is not defined       no-undef
  1164:27   warning  'drag_chip_index' is not defined       no-undef
  1166:37   warning  'drag_chip_index' is not defined       no-undef
  1171:38   warning  'drag_chip_index' is not defined       no-undef
  1176:16   warning  'is_dragging' is not defined           no-undef
  1176:31   warning  'dragging_bit' is not defined          no-undef
  1177:13   warning  'x' is already defined                 no-redeclare
  1177:25   warning  'sel_bit_index' is not defined         no-undef
  1178:13   warning  'y' is already defined                 no-redeclare
  1178:25   warning  'sel_bit_index' is not defined         no-undef
  1180:13   warning  'nr_pt' is already defined             no-redeclare
  1181:17   warning  'sel_bit_index' is not defined         no-undef
  1182:17   warning  'sel_bit_index' is not defined         no-undef
  1184:16   warning  'is_connecting' is not defined         no-undef
  1190:52   warning  'nr_dot' is not defined                no-undef
  1190:65   warning  'start_dot' is not defined             no-undef
  1190:80   warning  'nr_dot' is not defined                no-undef
  1190:93   warning  'start_dot' is not defined             no-undef
  1191:22   warning  'nr_dot' is not defined                no-undef
  1191:35   warning  'start_dot' is not defined             no-undef
  1191:50   warning  'nr_dot' is not defined                no-undef
  1191:63   warning  'start_dot' is not defined             no-undef
  1191:80   warning  'nr_dot' is not defined                no-undef
  1191:93   warning  'start_dot' is not defined             no-undef
  1191:108  warning  'nr_dot' is not defined                no-undef
  1191:121  warning  'start_dot' is not defined             no-undef
  1194:24   warning  'nr_dot' is not defined                no-undef
  1195:24   warning  'nr_dot' is not defined                no-undef
  1196:18   warning  'l_jumper' is not defined              no-undef
  1196:30   warning  'r_jumper' is not defined              no-undef
  1196:44   warning  'start_dot' is not defined             no-undef
  1196:81   warning  'start_dot' is not defined             no-undef
  1196:113  warning  'dot_gap' is not defined               no-undef
  1197:21   warning  'start_dot' is not defined             no-undef
  1199:27   warning  'start_dot' is not defined             no-undef
  1200:21   warning  'start_dot' is not defined             no-undef
  1204:21   warning  'l_jumper' is not defined              no-undef
  1205:41   warning  'start_dot' is not defined             no-undef
  1205:54   warning  'start_dot' is not defined             no-undef
  1207:41   warning  'start_dot' is not defined             no-undef
  1207:54   warning  'start_dot' is not defined             no-undef
  1213:25   warning  'l_jumper' is not defined              no-undef
  1213:37   warning  'r_jumper' is not defined              no-undef
  1213:51   warning  'start_dot' is not defined             no-undef
  1213:88   warning  'start_dot' is not defined             no-undef
  1213:120  warning  'dot_gap' is not defined               no-undef
  1214:21   warning  'start_dot' is not defined             no-undef
  1215:25   warning  'tmp' is already defined               no-redeclare
  1216:27   warning  'start_dot' is not defined             no-undef
  1217:21   warning  'start_dot' is not defined             no-undef
  1220:21   warning  'jumper' is already defined            no-redeclare
  1221:21   warning  'l_jumper' is not defined              no-undef
  1222:41   warning  'start_dot' is not defined             no-undef
  1222:54   warning  'start_dot' is not defined             no-undef
  1224:41   warning  'start_dot' is not defined             no-undef
  1224:54   warning  'start_dot' is not defined             no-undef
  1228:21   warning  'flag' is already defined              no-redeclare
  1231:50   warning  'start_dot' is not defined             no-undef
  1234:29   warning  'tmp' is already defined               no-redeclare
  1240:29   warning  'tmp' is already defined               no-redeclare
  1250:21   warning  'flag' is already defined              no-redeclare
  1256:5    warning  'l_jumper' is not defined              no-undef
  1257:5    warning  'r_jumper' is not defined              no-undef
  1258:5    warning  'is_dragging' is not defined           no-undef
  1259:5    warning  'dragging_chip' is not defined         no-undef
  1260:5    warning  'dragging_bit' is not defined          no-undef
  1261:5    warning  'drag_chip_index' is not defined       no-undef
  1262:5    warning  'sel_bit_index' is not defined         no-undef
  1263:5    warning  'start_x' is not defined               no-undef
  1264:5    warning  'start_y' is not defined               no-undef
  1265:5    warning  'start_dot' is not defined             no-undef
  1266:5    warning  'nr_dot' is not defined                no-undef
  1267:5    warning  'is_connecting' is not defined         no-undef
  1268:36   warning  'is_connecting' is not defined         no-undef
  1272:10   warning  'is_dragging' is not defined           no-undef
  1272:26   warning  'is_connecting' is not defined         no-undef
  1276:5    warning  'start_x' is not defined               no-undef
  1277:5    warning  'start_y' is not defined               no-undef
  1278:5    warning  'start_dot' is not defined             no-undef
  1279:5    warning  'nr_dot' is not defined                no-undef
  1280:5    warning  'is_connecting' is not defined         no-undef
  1281:5    warning  'is_dragging' is not defined           no-undef
  1282:5    warning  'is_connecting' is not defined         no-undef
  1283:5    warning  'dragging_chip' is not defined         no-undef
  1284:5    warning  'dragging_bit' is not defined          no-undef
  1288:10   warning  'is_dragging' is not defined           no-undef
  1288:26   warning  'is_connecting' is not defined         no-undef
  1292:9    warning  'is_dragging' is not defined           no-undef
  1292:24   warning  'dragging_chip' is not defined         no-undef
  1296:9    warning  'start_x' is not defined               no-undef
  1296:19   warning  'start_x' is not defined               no-undef
  1297:9    warning  'start_y' is not defined               no-undef
  1297:19   warning  'start_y' is not defined               no-undef
  1298:16   warning  'is_dragging' is not defined           no-undef
  1298:31   warning  'dragging_bit' is not defined          no-undef
  1299:13   warning  'dx' is already defined                no-redeclare
  1300:13   warning  'dy' is already defined                no-redeclare
  1302:9    warning  'start_x' is not defined               no-undef
  1302:19   warning  'start_x' is not defined               no-undef
  1303:9    warning  'start_y' is not defined               no-undef
  1303:19   warning  'start_y' is not defined               no-undef
  1319:22   warning  'drag_chip_index' is not defined       no-undef
  1320:22   warning  'drag_chip_index' is not defined       no-undef
  1322:22   warning  'drag_chip_index' is not defined       no-undef

/home/runner/work/exp-wallace-tree-adder-iitkgp/exp-wallace-tree-adder-iitkgp/experiment/simulation/js/jquery-3.4.1.js
     18:44  warning  'module' is not defined                                                    no-undef
     27:3   warning  'module' is not defined                                                    no-undef
    138:11  warning  'Symbol' is already defined as a built-in global variable                  no-redeclare
    668:15  warning  Unexpected control character(s) in regular expression: \x1f, \x1f          no-control-regex
    723:39  warning  Empty block statement                                                      no-empty
   1919:28  warning  Do not access Object.prototype method 'hasOwnProperty' from target object  no-prototype-builtins
   2830:2   warning  Unnecessary semicolon                                                      no-extra-semi
   2831:31  warning  Unnecessary escape character: \/                                           no-useless-escape
   3132:55  warning  Empty block statement                                                      no-empty
   4233:18  warning  Empty block statement                                                      no-empty
   4716:28  warning  Unnecessary escape character: \/                                           no-useless-escape
   4932:18  warning  Empty block statement                                                      no-empty
   5777:75  warning  Unnecessary escape character: \/                                           no-useless-escape
   6171:19  warning  Empty block statement                                                      no-empty
   9288:22  warning  'urlAnchor.href' is assigned to itself                                     no-self-assign
   9698:16  warning  Empty block statement                                                      no-empty
  10558:38  warning  'define' is not defined                                                    no-undef
  10559:2   warning  'define' is not defined                                                    no-undef

✖ 336 problems (0 errors, 336 warnings)
  0 errors and 2 warnings potentially fixable with the `--fix` option.

